E, [2024-01-07T17:12:45.657541 #5257] ERROR -- : [ActionDispatch::HostAuthorization::DefaultResponseApp] Blocked hosts: localhost:5002
E, [2024-01-07T17:12:48.085378 #5257] ERROR -- : [ActionDispatch::HostAuthorization::DefaultResponseApp] Blocked hosts: localhost:5002
E, [2024-01-07T17:12:48.619324 #5257] ERROR -- : [ActionDispatch::HostAuthorization::DefaultResponseApp] Blocked hosts: localhost:5002
I, [2024-01-07T17:13:38.461885 #5395]  INFO -- : Migrating to CreateUsers (20231107004836)
I, [2024-01-07T17:13:38.475666 #5395]  INFO -- : Migrating to CreateRestaurants (20231113222413)
I, [2024-01-07T17:13:38.477996 #5395]  INFO -- : Migrating to CreateMenuItems (20231113223622)
I, [2024-01-07T17:13:38.480886 #5395]  INFO -- : Migrating to CreateCartItems (20231115210505)
I, [2024-01-07T17:13:38.483981 #5395]  INFO -- : Migrating to CreateActiveStorageTables (20231117144845)
I, [2024-01-07T17:13:38.490192 #5395]  INFO -- : Migrating to AddImageUrlColumn (20231117184406)
I, [2024-01-07T17:13:38.491826 #5395]  INFO -- : Migrating to CreateReviews (20231120002722)
I, [2024-01-07T17:13:38.495500 #5395]  INFO -- : Migrating to ReviewUniquness (20231120215939)
I, [2024-01-07T17:13:38.496396 #5395]  INFO -- : Migrating to CreateOrders (20231123160302)
I, [2024-01-07T17:13:38.498058 #5395]  INFO -- : Migrating to CreateOrderDetails (20231123160758)
I, [2024-01-07T17:13:38.501003 #5395]  INFO -- : Migrating to AddOrderDetailsColumn (20231123161320)
I, [2024-01-07T17:13:38.502190 #5395]  INFO -- : Migrating to AddRestaurantColumn (20231123165044)
I, [2024-01-07T17:13:38.503190 #5395]  INFO -- : Migrating to CreateAddresses (20231124193805)
I, [2024-01-07T17:13:38.505118 #5395]  INFO -- : Migrating to AddCategoryColumn (20231218210641)
I, [2024-01-07T17:13:38.506302 #5395]  INFO -- : Migrating to CreateImages (20231220212331)
I, [2024-01-07T17:13:38.508678 #5395]  INFO -- : Migrating to DropActiveStorageAttachements (20240102200248)
I, [2024-01-07T17:13:38.513144 #5395]  INFO -- : Migrating to RenameRestaurants (20240102201031)
I, [2024-01-07T17:13:38.520014 #5395]  INFO -- : Migrating to RenameMenuItems (20240102232902)
I, [2024-01-07T17:13:38.523395 #5395]  INFO -- : Migrating to AddFormulaColumn (20240102234543)
I, [2024-01-07T17:13:38.524762 #5395]  INFO -- : Migrating to CreateInputs (20240103002629)
I, [2024-01-07T17:13:38.528145 #5395]  INFO -- : Migrating to CreateOptions (20240103003716)
I, [2024-01-07T17:13:38.531534 #5395]  INFO -- : Migrating to AddRequiredRecurringOrderAliasColumnsToInputs (20240104052633)
I, [2024-01-07T17:13:38.533646 #5395]  INFO -- : Migrating to AddReferencesToAddresses (20240105153750)
I, [2024-01-07T17:13:38.536413 #5395]  INFO -- : Migrating to AddColumnstoCartItems (20240105210954)
